<?xml version="1.0" encoding="UTF-8"?>
<!-- Generated by org.testng.reporters.JUnitReportReporter -->
<testsuite hostname="Rupa" failures="0" tests="1" name="testCases.test" time="0.014" errors="0" timestamp="2024-10-28T01:25:47 IST" skipped="0">
  <testcase classname="testCases.test" name="testing" time="0.014"/>
</testsuite> <!-- testCases.test -->
