<?xml version="1.0" encoding="UTF-8"?>
<!-- Generated by org.testng.reporters.JUnitReportReporter -->
<testsuite hostname="Rupa" failures="0" tests="1" name="pageObjects.test" time="0.016" errors="0" timestamp="2024-10-28T01:09:19 IST" skipped="0">
  <testcase classname="pageObjects.test" name="testing" time="0.016"/>
</testsuite> <!-- pageObjects.test -->
