<?xml version="1.0" encoding="UTF-8"?>
<!-- Generated by org.testng.reporters.JUnitReportReporter -->
<testsuite hostname="Rupa" failures="0" tests="1" name="testCases.TC001_AccountRegistrationTest" time="4.680" errors="0" timestamp="2024-11-08T23:43:23 IST" skipped="0">
  <testcase classname="testCases.TC001_AccountRegistrationTest" name="verify_accountregistration_test" time="4.680"/>
</testsuite> <!-- testCases.TC001_AccountRegistrationTest -->
