<?xml version="1.0" encoding="UTF-8"?>
<!-- Generated by org.testng.reporters.JUnitReportReporter -->
<testsuite hostname="Rupa" failures="0" tests="1" name="testCases.TC001_AccountRegistrationTest" time="2.997" errors="0" timestamp="2024-11-09T19:27:11 IST" skipped="0">
  <testcase classname="testCases.TC001_AccountRegistrationTest" name="verify_accountregistration_test" time="2.997"/>
</testsuite> <!-- testCases.TC001_AccountRegistrationTest -->
